<?xml version="1.0" encoding="UTF-8"?>
<!-- Generated by org.testng.reporters.JUnitXMLReporter -->
<testsuite hostname="Kishus-MacBook-Air.local" name="FREE CRM App Test Cases" tests="9" failures="0" timestamp="2 Dec 2018 19:12:57 GMT" time="136.328" errors="0">
  <testcase name="loginPageTitleTest" time="0.022" classname="com.cr.qa.testcases.LoginPageTest"/>
  <testcase name="crmLogoImageTest" time="0.049" classname="com.cr.qa.testcases.LoginPageTest"/>
  <testcase name="loginTest" time="9.091" classname="com.cr.qa.testcases.LoginPageTest"/>
  <testcase name="verifyHomePageTitleTest" time="3.014" classname="com.cr.qa.testcases.HomePageTest"/>
  <testcase name="verifyUsernameTest" time="0.092" classname="com.cr.qa.testcases.HomePageTest"/>
  <testcase name="verifyContactsLinkTest" time="1.521" classname="com.cr.qa.testcases.HomePageTest"/>
  <testcase name="verifyContactsLabelTest" time="0.035" classname="com.cr.qa.testcases.ContactsPageTest"/>
  <testcase name="selectSingleContactByNameTest" time="0.099" classname="com.cr.qa.testcases.ContactsPageTest"/>
  <testcase name="selectMultipleContactsByNameTest" time="0.194" classname="com.cr.qa.testcases.ContactsPageTest"/>
</testsuite> <!-- FREE CRM App Test Cases -->
